08/06/2017 19:58:49	Robby : Tidur
07/06/2017 19:58:49	Robby : Mantap
08/06/2017 21:11:43	RObby : Makan
08/06/2017 21:11:43	RObby : Tidur
09/06/2017 21:11:43	RObby : Tidur
23/06/2017 21:11:43	RObby : Tidur
08/06/2017 22:03:38	Robby Muhammad Nst : Makan
08/06/2017 22:03:38	Robby Muhammad Nst : Minum
07/06/2017 22:03:38	Robby Muhammad Nst : da
08/06/2017 11:22:31	Robby Muhammad Nst : Makan
16/06/2017 11:22:31	Robby Muhammad Nst : Minum
08/06/2017 10:24:37	Robby Muhammad Nst : Makan
09/06/2017 10:24:37	Robby Muhammad Nst : Minum
07/06/2017 10:24:37	Robby Muhammad Nst : Minum
07/06/2017 23:39:29	Orion Stark : Makan
07/06/2017 23:39:29	Orion Stark : Minum
08/06/2017 5:39:29	Orion Stark : Minum
08/06/2017 19:44:38	Robby Muhammad Nst : Makan
08/06/2017 0:44:38	Robby Muhammad Nst : Makan
08/06/2017 0:40:36	Robby Muhammad Nst : Eating
18/06/2017 0:40:36	Robby Muhammad Nst : Go to Andy House
18/06/2017 0:40:36	Robby Muhammad Nst : Coding for 12 Hours
08/06/2017 0:40:36	Robby Muhammad Nst : Coding for 12 Hours
08/06/2017 1:02:31	Robby Muhammad Nst : coding
08/06/2017 1:02:31	Robby Muhammad Nst : eating
08/06/2017 1:02:31	Robby Muhammad Nst : go away
16/06/2017 1:02:31	Robby Muhammad Nst : coding
16/06/2017 1:02:31	Robby Muhammad Nst : eating
14/06/2017 1:02:31	Robby Muhammad Nst : eating
08/06/2017 13:50:55	Robby Muhammad Nst : Coding 9 Hours
08/06/2017 13:50:55	Robby Muhammad Nst : Go to college
08/06/2017 13:50:55	Robby Muhammad Nst : Learning about Machine Learning
09/06/2017 13:50:55	Robby Muhammad Nst : Makan
15/06/2017 16:14:00	Robby Muhammad Nst : Makan
15/06/2017 16:14:00	Robby Muhammad Nst : Minum
15/06/2017 16:14:00	Robby Muhammad Nst : Tidur
15/06/2017 16:14:00	Robby Muhammad Nst : Main
15/06/2017 16:24:15	Robby Muhammad Nst : Test
15/06/2017 16:24:15	Robby Muhammad Nst : Test
15/06/2017 16:24:15	Robby Muhammad Nst : Test Makan
15/06/2017 16:24:15	Robby Muhammad Nst : Test Makan2
16/06/2017 23:19:23	Robby Muhammad Nst : Berlari
16/06/2017 23:19:23	Robby Muhammad Nst : Makan
16/06/2017 23:19:23	Robby Muhammad Nst : Minum
16/06/2017 23:19:23	Robby Muhammad Nst : Pergi belanja
17/06/2017 23:19:23	Robby Muhammad Nst : Pergi belanja sama pacar
17/06/2017 23:19:23	Robby Muhammad Nst : Makan bareng pacar
16/06/2017 23:19:23	Robby Muhammad Nst : Makan bareng keluarga
16/06/2017 23:19:23	Robby Muhammad Nst : Makan bareng keluarga pacar
16/06/2017 23:19:23	Robby Muhammad Nst : lololololololol
17/06/2017 13:30:38	Robby : Maskan
17/06/2017 13:30:38	Robby : Minum
18/06/2017 13:30:38	Robby : mantap
18/06/2017 7:40:39	Robby : Eat
18/06/2017 7:40:39	Robby : Eat
18/06/2017 7:40:39	Robby : Eat
18/06/2017 7:40:39	Robby : Eat
18/06/2017 7:40:39	Robby : Eat
18/06/2017 7:40:39	Robby : Eat
18/06/2017 7:40:39	Robby : Eat
18/06/2017 7:40:39	Robby : Eat
18/06/2017 7:40:39	Robby : Eat
18/06/2017 7:40:39	Robby : Eat
18/06/2017 18:39:29	Robby : Makan
18/06/2017 18:39:29	Robby : Tidur
18/06/2017 18:39:29	Robby : COding
19/06/2017 18:39:29	Robby : Makan
19/06/2017 18:39:29	Robby : Berlari
19/06/2017 12:49:28	Robby : Presentaasi
19/06/2017 12:49:28	Robby : Makan
16/06/2017 12:49:28	Robby : Makan
24/06/2017 12:49:28	Robby : Makan
29/06/2017 6:38:31	Robby : Makan
29/06/2017 6:38:31	Robby : Tidur
04/09/2017 19:55:25	OrionStark : Makan
14/10/2017 17:23:11	Robby : Coding Xamarin
